Traceback (most recent call last):
  File "/home/alban/regu/lib/python3.7/site-packages/jupyter_cache/executors/utils.py", line 56, in single_nb_execution
    record_timing=False,
  File "/home/alban/regu/lib/python3.7/site-packages/nbclient/client.py", line 1117, in execute
    return NotebookClient(nb=nb, resources=resources, km=km, **kwargs).execute()
  File "/home/alban/regu/lib/python3.7/site-packages/nbclient/util.py", line 78, in wrapped
    return just_run(coro(*args, **kwargs))
  File "/home/alban/regu/lib/python3.7/site-packages/nbclient/util.py", line 57, in just_run
    return loop.run_until_complete(coro)
  File "/usr/lib/python3.7/asyncio/base_events.py", line 587, in run_until_complete
    return future.result()
  File "/home/alban/regu/lib/python3.7/site-packages/nbclient/client.py", line 559, in async_execute
    cell, index, execution_count=self.code_cells_executed + 1
  File "/home/alban/regu/lib/python3.7/site-packages/nbclient/client.py", line 862, in async_execute_cell
    self._check_raise_for_error(cell, exec_reply)
  File "/home/alban/regu/lib/python3.7/site-packages/nbclient/client.py", line 765, in _check_raise_for_error
    raise CellExecutionError.from_cell_and_msg(cell, exec_reply_content)
nbclient.exceptions.CellExecutionError: An error occurred while executing the following cell:
------------------
G_BO_PI = ml.tf(250, [1, 0, 0])
fig = plt.figure("Nichols - Pôles dominants", figsize=(20,10))
warnings.filterwarnings('ignore') # Pour désactiver les warnings inutiles
rlf.nichols(G_BO_PI, labels=['G_BO(p)'], NameOfFigure = "Nichols - Pôles dominants", omega=frequencies)

G_BF_PI = ml.feedback(G_BO_PI, 1)
fig = plt.figure("Steps - Pôles dominants", figsize=(20,10))
warnings.filterwarnings('ignore') # Pour désactiver les warnings inutiles
rlf.step_(G_BF_K, NameOfFigure="Steps - Pôles dominants", sysName='G_BF_P(p)')
rlf.step_(G_BF_PI, NameOfFigure="Steps - Pôles dominants", sysName='G_BF_PI(p)')
warnings.filterwarnings('default') # Pour réactiver les warnings
------------------

[0;31m---------------------------------------------------------------------------[0m
[0;31mNameError[0m                                 Traceback (most recent call last)
[0;32m/tmp/ipykernel_431/4028818964.py[0m in [0;36m<module>[0;34m[0m
[1;32m      2[0m [0mfig[0m [0;34m=[0m [0mplt[0m[0;34m.[0m[0mfigure[0m[0;34m([0m[0;34m"Nichols - Pôles dominants"[0m[0;34m,[0m [0mfigsize[0m[0;34m=[0m[0;34m([0m[0;36m20[0m[0;34m,[0m[0;36m10[0m[0;34m)[0m[0;34m)[0m[0;34m[0m[0;34m[0m[0m
[1;32m      3[0m [0mwarnings[0m[0;34m.[0m[0mfilterwarnings[0m[0;34m([0m[0;34m'ignore'[0m[0;34m)[0m [0;31m# Pour désactiver les warnings inutiles[0m[0;34m[0m[0;34m[0m[0m
[0;32m----> 4[0;31m [0mrlf[0m[0;34m.[0m[0mnichols[0m[0;34m([0m[0mG_BO_PI[0m[0;34m,[0m [0mlabels[0m[0;34m=[0m[0;34m[[0m[0;34m'G_BO(p)'[0m[0;34m][0m[0;34m,[0m [0mNameOfFigure[0m [0;34m=[0m [0;34m"Nichols - Pôles dominants"[0m[0;34m,[0m [0momega[0m[0;34m=[0m[0mfrequencies[0m[0;34m)[0m[0;34m[0m[0;34m[0m[0m
[0m[1;32m      5[0m [0;34m[0m[0m
[1;32m      6[0m [0mG_BF_PI[0m [0;34m=[0m [0mml[0m[0;34m.[0m[0mfeedback[0m[0;34m([0m[0mG_BO_PI[0m[0;34m,[0m [0;36m1[0m[0;34m)[0m[0;34m[0m[0;34m[0m[0m

[0;31mNameError[0m: name 'frequencies' is not defined
NameError: name 'frequencies' is not defined

